Preprocessing library simple-0.1.0.0...
[ 9 of 10] Compiling RightReceipt     ( src/RightReceipt.hs, .stack-work/dist/x86_64-linux/Cabal-1.22.5.0/build/RightReceipt.o )

src/RightReceipt.hs:3:5: Warning: Tab character

src/RightReceipt.hs:23:1: Warning: Tab character

src/RightReceipt.hs:24:1: Warning: Tab character

src/RightReceipt.hs:25:1: Warning: Tab character

src/RightReceipt.hs:26:1: Warning: Tab character

src/RightReceipt.hs:31:1: Warning: Tab character

src/RightReceipt.hs:31:14: Warning: Tab character

src/RightReceipt.hs:32:1: Warning: Tab character

src/RightReceipt.hs:33:1: Warning: Tab character

src/RightReceipt.hs:33:84: Warning: Tab character

src/RightReceipt.hs:34:1: Warning: Tab character

src/RightReceipt.hs:35:1: Warning: Tab character

src/RightReceipt.hs:36:1: Warning: Tab character

src/RightReceipt.hs:36:24: Warning: Tab character

src/RightReceipt.hs:42:1: Warning: Tab character

src/RightReceipt.hs:43:1: Warning: Tab character

src/RightReceipt.hs:65:1: Warning: Tab character

src/RightReceipt.hs:66:1: Warning: Tab character

src/RightReceipt.hs:67:1: Warning: Tab character

src/RightReceipt.hs:68:1: Warning: Tab character

src/RightReceipt.hs:69:1: Warning: Tab character

src/RightReceipt.hs:70:1: Warning: Tab character

src/RightReceipt.hs:71:1: Warning: Tab character

src/RightReceipt.hs:72:1: Warning: Tab character

src/RightReceipt.hs:77:1: Warning: Tab character

src/RightReceipt.hs:78:1: Warning: Tab character

src/RightReceipt.hs:79:1: Warning: Tab character

src/RightReceipt.hs:80:1: Warning: Tab character

src/RightReceipt.hs:81:1: Warning: Tab character

src/RightReceipt.hs:82:1: Warning: Tab character

src/RightReceipt.hs:83:1: Warning: Tab character

src/RightReceipt.hs:84:1: Warning: Tab character

src/RightReceipt.hs:85:1: Warning: Tab character
In-place registering simple-0.1.0.0...
Preprocessing executable 'simple-exe' for simple-0.1.0.0...
Installing library in
/home/chuck/Documents/simple/.stack-work/install/x86_64-linux/lts-6.17/7.10.3/lib/x86_64-linux-ghc-7.10.3/simple-0.1.0.0-3KtLGDpFPvjB6VnwWh4q2E
Installing executable(s) in
/home/chuck/Documents/simple/.stack-work/install/x86_64-linux/lts-6.17/7.10.3/bin
Registering simple-0.1.0.0...
